GROUP,PACKAGE,CLASS,INSTRUCTION_MISSED,INSTRUCTION_COVERED,BRANCH_MISSED,BRANCH_COVERED,LINE_MISSED,LINE_COVERED,COMPLEXITY_MISSED,COMPLEXITY_COVERED,METHOD_MISSED,METHOD_COVERED
prisonniers_dilemma,fr.uga.m1miage.pc.controller,WebSocketController,26,29,4,0,9,11,3,4,1,4
prisonniers_dilemma,fr.uga.m1miage.pc.controller,GameController,220,85,27,3,45,22,20,5,6,4
prisonniers_dilemma,fr.uga.m1miage.pc.model,GameSession,4,144,6,8,0,32,6,16,0,15
prisonniers_dilemma,fr.uga.m1miage.pc.model,Message,4,69,3,5,0,17,3,9,0,8
prisonniers_dilemma,fr.uga.m1miage.pc.model,ChoiceMessage,4,68,3,5,0,17,3,9,0,8
prisonniers_dilemma,fr.uga.m1miage.pc.model,Player,12,69,1,3,4,24,4,12,3,11
prisonniers_dilemma,fr.uga.m1miage.pc.config,WebSocketConfig,23,21,0,0,3,5,1,2,1,2
prisonniers_dilemma,fr.uga.m1miage.pc,PrisonnersDilemmaApplication,8,0,0,0,3,0,2,0,2,0
