<?xml version="1.0" encoding="UTF-8"?>
<testsuite xmlns:xsi="http://www.w3.org/2001/XMLSchema-instance" xsi:noNamespaceSchemaLocation="https://maven.apache.org/surefire/maven-surefire-plugin/xsd/surefire-test-report-3.0.xsd" version="3.0" name="fr.uga.m1miage.pc.model.GameSessionTest" time="0.011" tests="4" errors="0" skipped="0" failures="0">
  <properties>
[...]
</properties>
  <testcase name="testIncrementIteration" classname="fr.uga.m1miage.pc.model.GameSessionTest" time="0.002"/>
  <testcase name="testSettersAndGetters" classname="fr.uga.m1miage.pc.model.GameSessionTest" time="0.001"/>
  <testcase name="testEqualsAndHashCode" classname="fr.uga.m1miage.pc.model.GameSessionTest" time="0.001"/>
  <testcase name="testConstructor" classname="fr.uga.m1miage.pc.model.GameSessionTest" time="0.003"/>
</testsuite>