<?xml version="1.0" encoding="UTF-8"?>
<testsuite xmlns:xsi="http://www.w3.org/2001/XMLSchema-instance" xsi:noNamespaceSchemaLocation="https://maven.apache.org/surefire/maven-surefire-plugin/xsd/surefire-test-report-3.0.xsd" version="3.0" name="fr.uga.m1miage.pc.model.MessageTest" time="0.023" tests="3" errors="0" skipped="0" failures="0">
  <properties>
[...]
</properties>
  <testcase name="testGettersAndSetters" classname="fr.uga.m1miage.pc.model.MessageTest" time="0.003"/>
  <testcase name="testToString" classname="fr.uga.m1miage.pc.model.MessageTest" time="0.009"/>
  <testcase name="testEqualsAndHashCode" classname="fr.uga.m1miage.pc.model.MessageTest" time="0.003"/>
</testsuite>